e:\dxgameengine3\03. tool\debug\vc141.pdb
e:\dxgameengine3\03. tool\debug\vc141.idb
e:\dxgameengine3\03. tool\debug\toolapp.obj
e:\dxgameengine3\03. tool\debug\scriptdlg.obj
e:\dxgameengine3\03. tool\debug\gameview.obj
e:\dxgameengine3\03. tool\debug\btnview.obj
e:\dxgameengine3\03. tool\debug\addcomdlg.obj
e:\dxgameengine3\03. tool\debug\transformdlg.obj
e:\dxgameengine3\03. tool\debug\mainfrm.obj
e:\dxgameengine3\03. tool\debug\gameobjectdlg.obj
e:\dxgameengine3\03. tool\debug\componentview.obj
e:\dxgameengine3\03. tool\debug\collisioncheck.obj
e:\dxgameengine3\03. tool\debug\03. tool.pch
e:\dxgameengine3\03. tool\debug\stdafx.obj
e:\dxgameengine3\03. tool\debug\mysplitterwnd.obj
e:\dxgameengine3\03. tool\debug\meshrenderdlg.obj
e:\dxgameengine3\03. tool\debug\materialdlg.obj
e:\dxgameengine3\03. tool\debug\listdlg.obj
e:\dxgameengine3\03. tool\debug\hierachyview.obj
e:\dxgameengine3\03. tool\debug\debugview.obj
e:\dxgameengine3\03. tool\debug\createtile.obj
e:\dxgameengine3\03. tool\debug\componentdlg.obj
e:\dxgameengine3\03. tool\debug\collider2ddlg.obj
e:\dxgameengine3\03. tool\debug\cameradlg.obj
e:\dxgameengine3\03. tool\debug\animatordlg.obj
e:\dxgameengine3\03. tool\debug\addanimtexdlg.obj
e:\dxgameengine3\03. tool\debug\addanimdlg.obj
e:\dxgameengine3\03. tool\debug\mtrlctrl.obj
e:\dxgameengine3\03. tool\debug\resinfodlg.obj
e:\dxgameengine3\03. tool\debug\resdlg.obj
e:\dxgameengine3\bin_debug\03. tool.exe
e:\dxgameengine3\bin_debug\03. tool.ilk
e:\dxgameengine3\bin_debug\03. tool.pdb
e:\dxgameengine3\03. tool\debug\my03tool.res
e:\dxgameengine3\03. tool\debug\03. tool.tlog\cl.command.1.tlog
e:\dxgameengine3\03. tool\debug\03. tool.tlog\cl.read.1.tlog
e:\dxgameengine3\03. tool\debug\03. tool.tlog\cl.write.1.tlog
e:\dxgameengine3\03. tool\debug\03. tool.tlog\link.command.1.tlog
e:\dxgameengine3\03. tool\debug\03. tool.tlog\link.read.1.tlog
e:\dxgameengine3\03. tool\debug\03. tool.tlog\link.write.1.tlog
e:\dxgameengine3\03. tool\debug\03. tool.tlog\rc.command.1.tlog
e:\dxgameengine3\03. tool\debug\03. tool.tlog\rc.read.1.tlog
e:\dxgameengine3\03. tool\debug\03. tool.tlog\rc.write.1.tlog
