Script_Debug.lib(BlackoutScript.obj) : warning LNK4099: '04. Script.pdb' PDB를 'Script_Debug.lib(BlackoutScript.obj)' 또는 'C:\Users\user\Desktop\DX2D projectFin soundx\bin_debug\04. Script.pdb'에서 찾을 수 없습니다. 디버그 정보가 없는 것처럼 개체를 링크합니다.
Script_Debug.lib(BlockScript.obj) : warning LNK4099: '04. Script.pdb' PDB를 'Script_Debug.lib(BlockScript.obj)' 또는 'C:\Users\user\Desktop\DX2D projectFin soundx\bin_debug\04. Script.pdb'에서 찾을 수 없습니다. 디버그 정보가 없는 것처럼 개체를 링크합니다.
Script_Debug.lib(BossBulletPara.obj) : warning LNK4099: '04. Script.pdb' PDB를 'Script_Debug.lib(BossBulletPara.obj)' 또는 'C:\Users\user\Desktop\DX2D projectFin soundx\bin_debug\04. Script.pdb'에서 찾을 수 없습니다. 디버그 정보가 없는 것처럼 개체를 링크합니다.
Script_Debug.lib(BossBulletRand.obj) : warning LNK4099: '04. Script.pdb' PDB를 'Script_Debug.lib(BossBulletRand.obj)' 또는 'C:\Users\user\Desktop\DX2D projectFin soundx\bin_debug\04. Script.pdb'에서 찾을 수 없습니다. 디버그 정보가 없는 것처럼 개체를 링크합니다.
Script_Debug.lib(BossScript.obj) : warning LNK4099: '04. Script.pdb' PDB를 'Script_Debug.lib(BossScript.obj)' 또는 'C:\Users\user\Desktop\DX2D projectFin soundx\bin_debug\04. Script.pdb'에서 찾을 수 없습니다. 디버그 정보가 없는 것처럼 개체를 링크합니다.
Script_Debug.lib(BugBulletScript.obj) : warning LNK4099: '04. Script.pdb' PDB를 'Script_Debug.lib(BugBulletScript.obj)' 또는 'C:\Users\user\Desktop\DX2D projectFin soundx\bin_debug\04. Script.pdb'에서 찾을 수 없습니다. 디버그 정보가 없는 것처럼 개체를 링크합니다.
Script_Debug.lib(BugScript.obj) : warning LNK4099: '04. Script.pdb' PDB를 'Script_Debug.lib(BugScript.obj)' 또는 'C:\Users\user\Desktop\DX2D projectFin soundx\bin_debug\04. Script.pdb'에서 찾을 수 없습니다. 디버그 정보가 없는 것처럼 개체를 링크합니다.
Script_Debug.lib(BulletScript.obj) : warning LNK4099: '04. Script.pdb' PDB를 'Script_Debug.lib(BulletScript.obj)' 또는 'C:\Users\user\Desktop\DX2D projectFin soundx\bin_debug\04. Script.pdb'에서 찾을 수 없습니다. 디버그 정보가 없는 것처럼 개체를 링크합니다.
Script_Debug.lib(CameraScipt.obj) : warning LNK4099: '04. Script.pdb' PDB를 'Script_Debug.lib(CameraScipt.obj)' 또는 'C:\Users\user\Desktop\DX2D projectFin soundx\bin_debug\04. Script.pdb'에서 찾을 수 없습니다. 디버그 정보가 없는 것처럼 개체를 링크합니다.
Script_Debug.lib(FollowScript.obj) : warning LNK4099: '04. Script.pdb' PDB를 'Script_Debug.lib(FollowScript.obj)' 또는 'C:\Users\user\Desktop\DX2D projectFin soundx\bin_debug\04. Script.pdb'에서 찾을 수 없습니다. 디버그 정보가 없는 것처럼 개체를 링크합니다.
Script_Debug.lib(GunItemScript.obj) : warning LNK4099: '04. Script.pdb' PDB를 'Script_Debug.lib(GunItemScript.obj)' 또는 'C:\Users\user\Desktop\DX2D projectFin soundx\bin_debug\04. Script.pdb'에서 찾을 수 없습니다. 디버그 정보가 없는 것처럼 개체를 링크합니다.
Script_Debug.lib(InfoScript.obj) : warning LNK4099: '04. Script.pdb' PDB를 'Script_Debug.lib(InfoScript.obj)' 또는 'C:\Users\user\Desktop\DX2D projectFin soundx\bin_debug\04. Script.pdb'에서 찾을 수 없습니다. 디버그 정보가 없는 것처럼 개체를 링크합니다.
Script_Debug.lib(TitleGround.obj) : warning LNK4099: '04. Script.pdb' PDB를 'Script_Debug.lib(TitleGround.obj)' 또는 'C:\Users\user\Desktop\DX2D projectFin soundx\bin_debug\04. Script.pdb'에서 찾을 수 없습니다. 디버그 정보가 없는 것처럼 개체를 링크합니다.
Script_Debug.lib(WaitCam.obj) : warning LNK4099: '04. Script.pdb' PDB를 'Script_Debug.lib(WaitCam.obj)' 또는 'C:\Users\user\Desktop\DX2D projectFin soundx\bin_debug\04. Script.pdb'에서 찾을 수 없습니다. 디버그 정보가 없는 것처럼 개체를 링크합니다.
Script_Debug.lib(DoorScript.obj) : warning LNK4099: '04. Script.pdb' PDB를 'Script_Debug.lib(DoorScript.obj)' 또는 'C:\Users\user\Desktop\DX2D projectFin soundx\bin_debug\04. Script.pdb'에서 찾을 수 없습니다. 디버그 정보가 없는 것처럼 개체를 링크합니다.
Script_Debug.lib(HilightScript.obj) : warning LNK4099: '04. Script.pdb' PDB를 'Script_Debug.lib(HilightScript.obj)' 또는 'C:\Users\user\Desktop\DX2D projectFin soundx\bin_debug\04. Script.pdb'에서 찾을 수 없습니다. 디버그 정보가 없는 것처럼 개체를 링크합니다.
Script_Debug.lib(HiveScript.obj) : warning LNK4099: '04. Script.pdb' PDB를 'Script_Debug.lib(HiveScript.obj)' 또는 'C:\Users\user\Desktop\DX2D projectFin soundx\bin_debug\04. Script.pdb'에서 찾을 수 없습니다. 디버그 정보가 없는 것처럼 개체를 링크합니다.
Script_Debug.lib(MonsterScript.obj) : warning LNK4099: '04. Script.pdb' PDB를 'Script_Debug.lib(MonsterScript.obj)' 또는 'C:\Users\user\Desktop\DX2D projectFin soundx\bin_debug\04. Script.pdb'에서 찾을 수 없습니다. 디버그 정보가 없는 것처럼 개체를 링크합니다.
Script_Debug.lib(PanelScript.obj) : warning LNK4099: '04. Script.pdb' PDB를 'Script_Debug.lib(PanelScript.obj)' 또는 'C:\Users\user\Desktop\DX2D projectFin soundx\bin_debug\04. Script.pdb'에서 찾을 수 없습니다. 디버그 정보가 없는 것처럼 개체를 링크합니다.
Script_Debug.lib(SaveLoadMgr.obj) : warning LNK4099: '04. Script.pdb' PDB를 'Script_Debug.lib(SaveLoadMgr.obj)' 또는 'C:\Users\user\Desktop\DX2D projectFin soundx\bin_debug\04. Script.pdb'에서 찾을 수 없습니다. 디버그 정보가 없는 것처럼 개체를 링크합니다.
Script_Debug.lib(ScriptMgr.obj) : warning LNK4099: '04. Script.pdb' PDB를 'Script_Debug.lib(ScriptMgr.obj)' 또는 'C:\Users\user\Desktop\DX2D projectFin soundx\bin_debug\04. Script.pdb'에서 찾을 수 없습니다. 디버그 정보가 없는 것처럼 개체를 링크합니다.
Script_Debug.lib(SnailScript.obj) : warning LNK4099: '04. Script.pdb' PDB를 'Script_Debug.lib(SnailScript.obj)' 또는 'C:\Users\user\Desktop\DX2D projectFin soundx\bin_debug\04. Script.pdb'에서 찾을 수 없습니다. 디버그 정보가 없는 것처럼 개체를 링크합니다.
Script_Debug.lib(stdafx.obj) : warning LNK4099: '04. Script.pdb' PDB를 'Script_Debug.lib(stdafx.obj)' 또는 'C:\Users\user\Desktop\DX2D projectFin soundx\bin_debug\04. Script.pdb'에서 찾을 수 없습니다. 디버그 정보가 없는 것처럼 개체를 링크합니다.
Script_Debug.lib(TraceScript.obj) : warning LNK4099: '04. Script.pdb' PDB를 'Script_Debug.lib(TraceScript.obj)' 또는 'C:\Users\user\Desktop\DX2D projectFin soundx\bin_debug\04. Script.pdb'에서 찾을 수 없습니다. 디버그 정보가 없는 것처럼 개체를 링크합니다.
DirectXTex_Debug.lib(BC.obj) : warning LNK4099: 'DirectXTex.pdb' PDB를 'DirectXTex_Debug.lib(BC.obj)' 또는 'C:\Users\user\Desktop\DX2D projectFin soundx\bin_debug\DirectXTex.pdb'에서 찾을 수 없습니다. 디버그 정보가 없는 것처럼 개체를 링크합니다.
DirectXTex_Debug.lib(BC4BC5.obj) : warning LNK4099: 'DirectXTex.pdb' PDB를 'DirectXTex_Debug.lib(BC4BC5.obj)' 또는 'C:\Users\user\Desktop\DX2D projectFin soundx\bin_debug\DirectXTex.pdb'에서 찾을 수 없습니다. 디버그 정보가 없는 것처럼 개체를 링크합니다.
DirectXTex_Debug.lib(BC6HBC7.obj) : warning LNK4099: 'DirectXTex.pdb' PDB를 'DirectXTex_Debug.lib(BC6HBC7.obj)' 또는 'C:\Users\user\Desktop\DX2D projectFin soundx\bin_debug\DirectXTex.pdb'에서 찾을 수 없습니다. 디버그 정보가 없는 것처럼 개체를 링크합니다.
DirectXTex_Debug.lib(DirectXTexCompress.obj) : warning LNK4099: 'DirectXTex.pdb' PDB를 'DirectXTex_Debug.lib(DirectXTexCompress.obj)' 또는 'C:\Users\user\Desktop\DX2D projectFin soundx\bin_debug\DirectXTex.pdb'에서 찾을 수 없습니다. 디버그 정보가 없는 것처럼 개체를 링크합니다.
DirectXTex_Debug.lib(DirectXTexConvert.obj) : warning LNK4099: 'DirectXTex.pdb' PDB를 'DirectXTex_Debug.lib(DirectXTexConvert.obj)' 또는 'C:\Users\user\Desktop\DX2D projectFin soundx\bin_debug\DirectXTex.pdb'에서 찾을 수 없습니다. 디버그 정보가 없는 것처럼 개체를 링크합니다.
DirectXTex_Debug.lib(DirectXTexD3D11.obj) : warning LNK4099: 'DirectXTex.pdb' PDB를 'DirectXTex_Debug.lib(DirectXTexD3D11.obj)' 또는 'C:\Users\user\Desktop\DX2D projectFin soundx\bin_debug\DirectXTex.pdb'에서 찾을 수 없습니다. 디버그 정보가 없는 것처럼 개체를 링크합니다.
DirectXTex_Debug.lib(DirectXTexDDS.obj) : warning LNK4099: 'DirectXTex.pdb' PDB를 'DirectXTex_Debug.lib(DirectXTexDDS.obj)' 또는 'C:\Users\user\Desktop\DX2D projectFin soundx\bin_debug\DirectXTex.pdb'에서 찾을 수 없습니다. 디버그 정보가 없는 것처럼 개체를 링크합니다.
DirectXTex_Debug.lib(DirectXTexImage.obj) : warning LNK4099: 'DirectXTex.pdb' PDB를 'DirectXTex_Debug.lib(DirectXTexImage.obj)' 또는 'C:\Users\user\Desktop\DX2D projectFin soundx\bin_debug\DirectXTex.pdb'에서 찾을 수 없습니다. 디버그 정보가 없는 것처럼 개체를 링크합니다.
DirectXTex_Debug.lib(DirectXTexMipMaps.obj) : warning LNK4099: 'DirectXTex.pdb' PDB를 'DirectXTex_Debug.lib(DirectXTexMipMaps.obj)' 또는 'C:\Users\user\Desktop\DX2D projectFin soundx\bin_debug\DirectXTex.pdb'에서 찾을 수 없습니다. 디버그 정보가 없는 것처럼 개체를 링크합니다.
DirectXTex_Debug.lib(DirectXTexTGA.obj) : warning LNK4099: 'DirectXTex.pdb' PDB를 'DirectXTex_Debug.lib(DirectXTexTGA.obj)' 또는 'C:\Users\user\Desktop\DX2D projectFin soundx\bin_debug\DirectXTex.pdb'에서 찾을 수 없습니다. 디버그 정보가 없는 것처럼 개체를 링크합니다.
DirectXTex_Debug.lib(DirectXTexUtil.obj) : warning LNK4099: 'DirectXTex.pdb' PDB를 'DirectXTex_Debug.lib(DirectXTexUtil.obj)' 또는 'C:\Users\user\Desktop\DX2D projectFin soundx\bin_debug\DirectXTex.pdb'에서 찾을 수 없습니다. 디버그 정보가 없는 것처럼 개체를 링크합니다.
DirectXTex_Debug.lib(DirectXTexWIC.obj) : warning LNK4099: 'DirectXTex.pdb' PDB를 'DirectXTex_Debug.lib(DirectXTexWIC.obj)' 또는 'C:\Users\user\Desktop\DX2D projectFin soundx\bin_debug\DirectXTex.pdb'에서 찾을 수 없습니다. 디버그 정보가 없는 것처럼 개체를 링크합니다.
  01.Client.vcxproj -> C:\Users\user\Desktop\DX2D projectFin soundx\bin_debug\01.Client.exe
