  stdafx.cpp
  BlackoutScript.cpp
  BlockScript.cpp
c:\users\user\desktop\dx2d projectfin soundx\04. script\blockscript.cpp(25): warning C4018: '<': signed 또는 unsigned가 일치하지 않습니다.
  BossBulletPara.cpp
  BossBulletRand.cpp
c:\users\user\desktop\dx2d projectfin soundx\04. script\bossbulletrand.cpp(79): warning C4244: '인수': 'time_t'에서 'unsigned int'(으)로 변환하면서 데이터가 손실될 수 있습니다.
c:\users\user\desktop\dx2d projectfin soundx\04. script\bossbulletrand.cpp(81): warning C4244: '=': 'int'에서 'float'(으)로 변환하면서 데이터가 손실될 수 있습니다.
c:\users\user\desktop\dx2d projectfin soundx\04. script\bossbulletrand.cpp(82): warning C4244: '=': 'int'에서 'float'(으)로 변환하면서 데이터가 손실될 수 있습니다.
  BossScript.cpp
c:\users\user\desktop\dx2d projectfin soundx\04. script\bossscript.cpp(166): warning C4244: '인수': 'float'에서 'int'(으)로 변환하면서 데이터가 손실될 수 있습니다.
c:\users\user\desktop\dx2d projectfin soundx\04. script\bossscript.cpp(199): warning C4244: '인수': 'float'에서 'int'(으)로 변환하면서 데이터가 손실될 수 있습니다.
c:\users\user\desktop\dx2d projectfin soundx\04. script\bossscript.cpp(208): warning C4244: '인수': 'time_t'에서 'unsigned int'(으)로 변환하면서 데이터가 손실될 수 있습니다.
  BugBulletScript.cpp
c:\users\user\desktop\dx2d projectfin soundx\04. script\bugbulletscript.cpp(27): warning C4552: '/': 식의 결과가 사용되지 않습니다.
c:\users\user\desktop\dx2d projectfin soundx\04. script\bugbulletscript.cpp(28): warning C4552: '/': 식의 결과가 사용되지 않습니다.
  BugScript.cpp
c:\users\user\desktop\dx2d projectfin soundx\04. script\bugscript.cpp(30): warning C4390: ';': 제어된 빈 문이 있습니다. 이 문이 필요합니까?
c:\users\user\desktop\dx2d projectfin soundx\04. script\bugscript.cpp(91): warning C4244: '인수': 'float'에서 'int'(으)로 변환하면서 데이터가 손실될 수 있습니다.
  BulletScript.cpp
  CameraScipt.cpp
  FollowScript.cpp
c:\users\user\desktop\dx2d projectfin soundx\04. script\followscript.cpp(23): warning C4018: '<': signed 또는 unsigned가 일치하지 않습니다.
  GunItemScript.cpp
  InfoScript.cpp
  TitleGround.cpp
  WaitCam.cpp
  DoorScript.cpp
c:\users\user\desktop\dx2d projectfin soundx\04. script\doorscript.cpp(28): warning C4018: '<': signed 또는 unsigned가 일치하지 않습니다.
c:\users\user\desktop\dx2d projectfin soundx\04. script\doorscript.cpp(41): warning C4018: '<': signed 또는 unsigned가 일치하지 않습니다.
c:\users\user\desktop\dx2d projectfin soundx\04. script\doorscript.cpp(55): warning C4018: '<': signed 또는 unsigned가 일치하지 않습니다.
  HilightScript.cpp
  HiveScript.cpp
c:\users\user\desktop\dx2d projectfin soundx\04. script\hivescript.cpp(47): warning C4244: '인수': 'int'에서 'float'(으)로 변환하면서 데이터가 손실될 수 있습니다.
  MonsterScript.cpp
  PanelScript.cpp
  SaveLoadMgr.cpp
  컴파일하고 있습니다...
  ScriptMgr.cpp
  SnailScript.cpp
  TraceScript.cpp
c:\users\user\desktop\dx2d projectfin soundx\04. script\tracescript.cpp(61): warning C4244: '=': 'int'에서 'float'(으)로 변환하면서 데이터가 손실될 수 있습니다.
c:\users\user\desktop\dx2d projectfin soundx\04. script\tracescript.cpp(260): warning C4244: '=': 'int'에서 'float'(으)로 변환하면서 데이터가 손실될 수 있습니다.
c:\users\user\desktop\dx2d projectfin soundx\04. script\tracescript.cpp(368): warning C4244: '=': 'float'에서 'int'(으)로 변환하면서 데이터가 손실될 수 있습니다.
c:\users\user\desktop\dx2d projectfin soundx\04. script\tracescript.cpp(472): warning C4244: '=': 'float'에서 'int'(으)로 변환하면서 데이터가 손실될 수 있습니다.
  04. Script.vcxproj -> C:\Users\user\Desktop\DX2D projectFin soundx\Release\04. Script.lib
