e:\dxgameengine3\02. engine\debug\dx11game_debug.pch
e:\dxgameengine3\02. engine\debug\02. engine.pdb
e:\dxgameengine3\02. engine\debug\02. engine.idb
e:\dxgameengine3\02. engine\debug\stdafx.obj
e:\dxgameengine3\02. engine\debug\device.obj
e:\dxgameengine3\02. engine\debug\core.obj
e:\dxgameengine3\02. engine\debug\gameobj.obj
e:\dxgameengine3\02. engine\debug\scene.obj
e:\dxgameengine3\02. engine\debug\samplerstate.obj
e:\dxgameengine3\02. engine\debug\resptr.obj
e:\dxgameengine3\02. engine\debug\rendermgr.obj
e:\dxgameengine3\02. engine\debug\prefab.obj
e:\dxgameengine3\02. engine\debug\layer.obj
e:\dxgameengine3\02. engine\debug\eventmgr.obj
e:\dxgameengine3\02. engine\debug\dialoguemgr.obj
e:\dxgameengine3\02. engine\debug\depthstencilstate.obj
e:\dxgameengine3\02. engine\debug\constbuffer.obj
e:\dxgameengine3\02. engine\debug\component.obj
e:\dxgameengine3\02. engine\debug\collidermgr.obj
e:\dxgameengine3\02. engine\debug\collider2d.obj
e:\dxgameengine3\02. engine\debug\camera.obj
e:\dxgameengine3\02. engine\debug\blendstate.obj
e:\dxgameengine3\02. engine\debug\animator2d.obj
e:\dxgameengine3\02. engine\debug\animation2d.obj
e:\dxgameengine3\02. engine\debug\transform.obj
e:\dxgameengine3\02. engine\debug\timemgr.obj
e:\dxgameengine3\02. engine\debug\texture.obj
e:\dxgameengine3\02. engine\debug\state.obj
e:\dxgameengine3\02. engine\debug\sound.obj
e:\dxgameengine3\02. engine\debug\shader.obj
e:\dxgameengine3\02. engine\debug\script.obj
e:\dxgameengine3\02. engine\debug\scenemgr.obj
e:\dxgameengine3\02. engine\debug\resource.obj
e:\dxgameengine3\02. engine\debug\resmgr.obj
e:\dxgameengine3\02. engine\debug\pathmgr.obj
e:\dxgameengine3\02. engine\debug\meshrender.obj
e:\dxgameengine3\02. engine\debug\mesh.obj
e:\dxgameengine3\02. engine\debug\material.obj
e:\dxgameengine3\02. engine\debug\keymgr.obj
e:\dxgameengine3\02. engine\debug\func.obj
e:\dxgameengine3\02. engine\debug\entity.obj
e:\dxgameengine3\project\library\engine\x86\dx11game_debug.lib
e:\dxgameengine3\02. engine\debug\02. engine.tlog\cl.command.1.tlog
e:\dxgameengine3\02. engine\debug\02. engine.tlog\cl.read.1.tlog
e:\dxgameengine3\02. engine\debug\02. engine.tlog\cl.write.1.tlog
e:\dxgameengine3\02. engine\debug\02. engine.tlog\fxc.command.1.tlog
e:\dxgameengine3\02. engine\debug\02. engine.tlog\fxc.read.1.tlog
e:\dxgameengine3\02. engine\debug\02. engine.tlog\lib-link.read.1.tlog
e:\dxgameengine3\02. engine\debug\02. engine.tlog\lib-link.write.1.tlog
e:\dxgameengine3\02. engine\debug\02. engine.tlog\lib.command.1.tlog
