e:\dxgameengine3\04. script\debug\04. script.pdb
e:\dxgameengine3\04. script\debug\04. script.idb
e:\dxgameengine3\04. script\debug\tracescript.obj
e:\dxgameengine3\04. script\debug\scriptmgr.obj
e:\dxgameengine3\04. script\debug\monsterscript.obj
e:\dxgameengine3\04. script\debug\infoscript.obj
e:\dxgameengine3\04. script\debug\waitcam.obj
e:\dxgameengine3\04. script\debug\titleground.obj
e:\dxgameengine3\04. script\debug\snailscript.obj
e:\dxgameengine3\04. script\debug\saveloadmgr.obj
e:\dxgameengine3\04. script\debug\panelscript.obj
e:\dxgameengine3\04. script\debug\hivescript.obj
e:\dxgameengine3\04. script\debug\hilightscript.obj
e:\dxgameengine3\04. script\debug\doorscript.obj
e:\dxgameengine3\04. script\debug\camerascipt.obj
e:\dxgameengine3\04. script\debug\bulletscript.obj
e:\dxgameengine3\04. script\debug\bugscript.obj
e:\dxgameengine3\04. script\debug\bugbulletscript.obj
e:\dxgameengine3\04. script\debug\bossbulletrand.obj
e:\dxgameengine3\04. script\debug\bossbulletpara.obj
e:\dxgameengine3\04. script\debug\blockscript.obj
e:\dxgameengine3\04. script\debug\blackoutscript.obj
e:\dxgameengine3\04. script\debug\gunitemscript.obj
e:\dxgameengine3\04. script\debug\followscript.obj
e:\dxgameengine3\04. script\debug\script_debug.pch
e:\dxgameengine3\04. script\debug\stdafx.obj
e:\dxgameengine3\project\library\script\x86\script_debug.lib
e:\dxgameengine3\04. script\debug\bulletscript.obj.enc
e:\dxgameengine3\04. script\debug\04. script.tlog\cl.command.1.tlog
e:\dxgameengine3\04. script\debug\04. script.tlog\cl.read.1.tlog
e:\dxgameengine3\04. script\debug\04. script.tlog\cl.write.1.tlog
e:\dxgameengine3\04. script\debug\04. script.tlog\lib-link.read.1.tlog
e:\dxgameengine3\04. script\debug\04. script.tlog\lib-link.write.1.tlog
e:\dxgameengine3\04. script\debug\04. script.tlog\lib.command.1.tlog
